<?xml version="1.0" encoding="UTF-8"?>
<!-- Generated by org.testng.reporters.JUnitReportReporter -->
<testsuite hostname="DESKTOP-K0ONJ7J" failures="0" tests="1" name="CucumberOptions.TestNGRunner" time="9.271" errors="0" timestamp="2024-11-16T17:48:34 IST" skipped="0">
  <testcase classname="CucumberOptions.TestNGRunner" name="runScenario" time="9.271"/>
  <system-out/>
</testsuite> <!-- CucumberOptions.TestNGRunner -->
