<?xml version="1.0" encoding="UTF-8"?>
<!-- Generated by org.testng.reporters.JUnitReportReporter -->
<testsuite hostname="DESKTOP-K0ONJ7J" failures="0" tests="1" name="CucumberOptions.TestNGRunner" time="14.151" errors="0" timestamp="2024-11-17T14:33:57 IST" skipped="0">
  <testcase classname="CucumberOptions.TestNGRunner" name="runScenario" time="14.151"/>
  <system-out/>
</testsuite> <!-- CucumberOptions.TestNGRunner -->
