<?xml version="1.0" encoding="UTF-8"?>
<!-- Generated by org.testng.reporters.JUnitReportReporter -->
<testsuite hostname="DESKTOP-K0ONJ7J" failures="0" tests="1" name="CucumberOptions.TestNGRunner" time="18.992" errors="0" timestamp="2024-12-08T21:32:32 IST" skipped="0">
  <testcase classname="CucumberOptions.TestNGRunner" name="runScenario" time="18.992"/>
  <system-out/>
</testsuite> <!-- CucumberOptions.TestNGRunner -->
